[2018-11-21T10:35:19.700] [INFO] http - GET==/api/products
[2018-11-21T10:36:22.900] [INFO] http - GET==/api/products
[2018-11-21T10:36:22.980] [INFO] http - GET==/api/products/5bdecfe0cc2b6940a094e091
[2018-11-21T10:43:54.600] [INFO] http - GET==/api/products
[2018-11-21T10:43:54.673] [INFO] http - GET==/api/products/5bdecfe0cc2b6940a094e091
[2018-11-21T10:45:52.261] [INFO] http - GET==/api/products
[2018-11-21T10:45:52.331] [INFO] http - GET==/api/products/5bdecfe0cc2b6940a094e091
[2018-11-21T10:49:02.684] [INFO] http - GET==/api/products
[2018-11-21T10:49:02.758] [INFO] http - GET==/api/products/5bdecfe0cc2b6940a094e091
[2018-11-21T10:49:23.756] [INFO] http - GET==/api/products
[2018-11-21T10:49:23.827] [INFO] http - GET==/api/products/5bdecfe0cc2b6940a094e091
[2018-11-21T10:54:31.062] [INFO] http - GET==/api/products
[2018-11-21T10:54:31.134] [INFO] http - GET==/api/products/5bdecfe0cc2b6940a094e091
[2018-11-21T10:55:53.961] [INFO] http - GET==/api/products
[2018-11-21T10:55:54.030] [INFO] http - GET==/api/products/5bdecfe0cc2b6940a094e091
[2018-11-21T10:58:11.421] [INFO] http - GET==/api/products
[2018-11-21T10:58:11.506] [INFO] http - GET==/api/products/5bdecfe0cc2b6940a094e091
[2018-11-21T10:58:48.245] [INFO] http - GET==/api/products
[2018-11-21T10:58:48.314] [INFO] http - GET==/api/products/5bdecfe0cc2b6940a094e091
[2018-11-21T11:07:04.057] [INFO] http - GET==/api/products
[2018-11-21T11:07:04.147] [INFO] http - GET==/api/products/5bdecfe0cc2b6940a094e091
[2018-11-21T11:38:12.398] [INFO] http - GET==/api/products
[2018-11-21T11:38:12.679] [INFO] http - POST==/api/products/new
[2018-11-21T11:38:12.728] [INFO] http - GET==/api/products/5bdecfe0cc2b6940a094e091
[2018-11-21T11:42:25.380] [INFO] http - GET==/api/products
[2018-11-21T11:42:25.499] [INFO] http - POST==/api/products/new
[2018-11-21T11:45:32.675] [INFO] http - GET==/api/products
[2018-11-21T11:45:32.801] [INFO] http - POST==/api/products/new
[2018-11-21T11:47:44.156] [INFO] http - GET==/api/products
[2018-11-21T11:47:44.262] [INFO] http - POST==/api/products/new
[2018-11-21T11:47:44.298] [INFO] http - GET==/api/products/5bf4f888b63d3e3654fed356
[2018-11-21T19:07:03.152] [INFO] http - GET==/api/products
[2018-11-21T19:07:20.404] [INFO] http - GET==/api/products/5bdecfe0cc2b6940a094e09
[2018-11-21T19:07:45.300] [INFO] http - GET==/api/products/5bdecfe0cc2b6940a094e09
[2018-11-21T19:08:16.874] [INFO] http - GET==/api/products
[2018-11-21T19:12:14.721] [INFO] http - GET==/api/products
[2018-11-21T19:12:14.821] [INFO] http - POST==/api/products/new
[2018-11-21T19:12:14.857] [INFO] http - GET==/api/products/5bf560b6a9dcbf10fce26b96
[2018-11-21T19:12:46.292] [INFO] http - GET==/api/products
[2018-11-21T19:12:46.420] [INFO] http - POST==/api/products/new
[2018-11-21T19:12:46.449] [INFO] http - GET==/api/products/5bf560d6ef74df4bd06e9e06
[2018-11-21T19:14:18.722] [INFO] http - GET==/api/products
[2018-11-21T19:14:18.828] [INFO] http - POST==/api/products/new
[2018-11-21T19:14:18.851] [INFO] http - GET==/api/products/5bf56132ee463f49101bd1ca
[2018-11-21T19:15:12.183] [INFO] http - GET==/api/products
[2018-11-21T19:15:12.306] [INFO] http - POST==/api/products/new
[2018-11-21T19:15:12.342] [INFO] http - GET==/api/products/5bf561687b26fe665c0a37d3
[2018-11-21T19:15:47.983] [INFO] http - GET==/api/products
[2018-11-21T19:15:48.101] [INFO] http - POST==/api/products/new
[2018-11-21T19:15:48.136] [INFO] http - GET==/api/products/5bf5618ce47d002dacc1fcf1
[2018-11-21T19:18:04.449] [INFO] http - GET==/api/products
[2018-11-21T19:18:04.559] [INFO] http - POST==/api/products/new
[2018-11-21T19:18:04.585] [INFO] http - GET==/api/products/5bf562148db3da42342b885b
[2018-11-21T19:27:16.147] [INFO] http - GET==/api/products
[2018-11-21T19:27:16.253] [INFO] http - POST==/api/products/new
[2018-11-21T19:27:16.276] [INFO] http - GET==/api/products/5bf5643c24e2b05f90272553
[2018-11-21T19:27:58.799] [INFO] http - GET==/api/products
[2018-11-21T19:27:58.907] [INFO] http - POST==/api/products/new
[2018-11-21T19:27:58.937] [INFO] http - GET==/api/products/5bf564660061c6251c4e63c4
[2018-11-21T19:28:55.089] [INFO] http - GET==/api/products
[2018-11-21T19:28:55.190] [INFO] http - POST==/api/products/new
[2018-11-21T19:28:55.218] [INFO] http - GET==/api/products/5bf5649f8cd04219acf5b7de
[2018-11-21T19:29:14.329] [INFO] http - GET==/api/products
[2018-11-21T19:29:14.453] [INFO] http - POST==/api/products/new
[2018-11-21T19:29:14.477] [INFO] http - GET==/api/products/5bf564b2f1b23234fcd6fc06
[2018-11-21T19:30:14.755] [INFO] http - GET==/api/products
[2018-11-21T19:30:14.870] [INFO] http - POST==/api/products/new
[2018-11-21T19:30:14.905] [INFO] http - GET==/api/products/5bf564ee4e91fe5d2cb91ec7
[2018-11-21T19:30:53.995] [INFO] http - GET==/api/products
[2018-11-21T19:30:54.125] [INFO] http - POST==/api/products/new
[2018-11-21T19:30:54.151] [INFO] http - GET==/api/products/5bf5651655807e585027b1e3
[2018-11-21T19:33:27.810] [INFO] http - GET==/api/products
[2018-11-21T19:33:27.920] [INFO] http - POST==/api/products/new
[2018-11-21T19:33:27.943] [INFO] http - GET==/api/products/5bf565af17c48b5d8c9808de
[2018-11-21T19:33:27.958] [INFO] http - PUT==/api/products/update/5bf565af17c48b5d8c9808de
[2018-11-21T19:34:37.947] [INFO] http - GET==/users
[2018-11-21T19:35:23.084] [INFO] http - POST==/login
[2018-11-21T19:36:21.063] [INFO] http - GET==/api/products
[2018-11-21T19:36:21.157] [INFO] http - POST==/api/products/new
[2018-11-21T19:36:21.188] [INFO] http - GET==/api/products/5bf5665daf5fc60658b60a15
[2018-11-21T19:36:21.206] [INFO] http - PUT==/api/products/update/5bf5665daf5fc60658b60a15
[2018-11-21T19:36:50.389] [INFO] http - GET==/api/products
[2018-11-21T19:36:50.501] [INFO] http - POST==/api/products/new
[2018-11-21T19:36:50.534] [INFO] http - GET==/api/products/5bf5667ae5453130146caee9
[2018-11-21T19:36:50.549] [INFO] http - PUT==/api/products/update/5bf5667ae5453130146caee9
[2018-11-21T19:38:01.182] [INFO] http - GET==/api/products
[2018-11-21T19:38:01.295] [INFO] http - POST==/api/products/new
[2018-11-21T19:38:01.326] [INFO] http - GET==/api/products/5bf566c19fb90537b86a4462
[2018-11-21T19:38:01.339] [INFO] http - PUT==/api/products/update/5bf566c19fb90537b86a4462
[2018-11-21T19:38:01.362] [INFO] http - DELETE==/api/products/delete/5bf566c19fb90537b86a4462
[2018-11-21T19:43:31.486] [INFO] http - GET==/api/products?offset=1&count=5
[2018-11-21T19:43:31.603] [INFO] http - POST==/api/products/new
[2018-11-21T19:43:31.627] [INFO] http - GET==/api/products/5bf5680b37e6883ce878bad5
[2018-11-21T19:43:31.641] [INFO] http - PUT==/api/products/update/5bf5680b37e6883ce878bad5
[2018-11-21T19:43:31.661] [INFO] http - DELETE==/api/products/delete/5bf5680b37e6883ce878bad5
[2018-11-21T19:45:36.001] [INFO] http - GET==/api/products?offset=1&count=5
[2018-11-21T19:45:36.130] [INFO] http - POST==/api/products/new
[2018-11-21T19:45:36.169] [INFO] http - GET==/api/products/5bf56888f695d205fcf6ae00
[2018-11-21T19:45:36.184] [INFO] http - PUT==/api/products/update/5bf56888f695d205fcf6ae00
[2018-11-21T19:45:36.207] [INFO] http - DELETE==/api/products/delete/5bf56888f695d205fcf6ae00
[2018-11-21T19:47:06.733] [INFO] http - GET==/api/products?offset=1&count=
[2018-11-21T19:47:06.847] [INFO] http - POST==/api/products/new
[2018-11-21T19:47:06.884] [INFO] http - GET==/api/products/5bf568e219fdfc41dceec214
[2018-11-21T19:47:06.897] [INFO] http - PUT==/api/products/update/5bf568e219fdfc41dceec214
[2018-11-21T19:47:06.917] [INFO] http - DELETE==/api/products/delete/5bf568e219fdfc41dceec214
