[2018-11-17T00:23:14.661] [INFO] product - Get all Products
[2018-11-17T00:23:57.838] [INFO] product - Got Product
[2018-11-18T14:07:31.579] [INFO] product -  Product Inserted Successfully
[2018-11-18T14:09:12.586] [INFO] product -  Product Inserted Successfully
[2018-11-18T14:30:46.762] [INFO] product -  Product Inserted Successfully
[2018-11-18T14:45:27.537] [INFO] product -  Product Inserted Successfully
[2018-11-18T15:04:01.085] [INFO] product -  Product Inserted Successfully
[2018-11-18T15:05:55.357] [INFO] product - Got Product
[2018-11-19T10:32:12.239] [INFO] product - Get all Products
[2018-11-19T10:33:28.369] [INFO] product - Get all Products
[2018-11-19T10:44:44.715] [INFO] product - Get all Products
[2018-11-19T10:44:55.642] [INFO] product - Get all Products
[2018-11-19T10:45:06.525] [INFO] product - Get all Products
[2018-11-19T10:46:08.879] [INFO] product - Got Product
[2018-11-19T10:49:32.768] [INFO] product - Get all Products
[2018-11-19T10:49:43.846] [INFO] product - Get all Products
[2018-11-19T10:49:54.745] [INFO] product - Got Product
[2018-11-19T10:49:54.754] [INFO] product - Get all Products
[2018-11-19T10:58:20.035] [INFO] product - Get all Products
[2018-11-19T10:58:30.893] [INFO] product - Get all Products
[2018-11-19T10:58:41.807] [INFO] product - Get all Products
[2018-11-19T10:58:41.810] [INFO] product - Got Product
[2018-11-19T11:00:05.658] [INFO] product - Get all Products
[2018-11-19T11:00:16.530] [INFO] product - Get all Products
[2018-11-19T11:00:27.408] [INFO] product - Get all Products
[2018-11-19T11:00:27.413] [INFO] product - Got Product
[2018-11-19T11:06:15.744] [INFO] product - Get all Products
[2018-11-19T11:06:27.628] [INFO] product - Get all Products
[2018-11-19T11:06:38.497] [INFO] product - Get all Products
[2018-11-19T11:06:38.502] [INFO] product - Got Product
[2018-11-19T11:07:44.960] [INFO] product - Get all Products
[2018-11-19T11:07:55.822] [INFO] product - Get all Products
[2018-11-19T11:08:06.698] [INFO] product - Got Product
[2018-11-19T11:08:06.707] [INFO] product - Get all Products
[2018-11-19T11:19:24.207] [INFO] product - Get all Products
[2018-11-19T11:19:35.117] [INFO] product - Get all Products
[2018-11-19T11:19:45.974] [INFO] product - Got Product
[2018-11-19T11:19:45.985] [INFO] product - Get all Products
[2018-11-19T11:21:20.592] [INFO] product -  Product Inserted Successfully
[2018-11-19T11:22:25.517] [INFO] product - Get all Products
[2018-11-19T11:22:50.968] [INFO] product - Get all Products
[2018-11-19T11:23:01.829] [INFO] product - Get all Products
[2018-11-19T11:25:23.702] [INFO] product - Get all Products
[2018-11-19T11:25:34.594] [INFO] product - Get all Products
[2018-11-19T11:25:45.464] [INFO] product - Got Product
[2018-11-19T11:25:45.475] [INFO] product - Get all Products
[2018-11-19T11:25:56.339] [INFO] product -  Product Inserted Successfully
[2018-11-19T17:05:22.439] [INFO] product - Get all Products
[2018-11-19T17:05:23.368] [INFO] product - Get all Products
[2018-11-19T17:05:23.378] [INFO] product - Get all Products
[2018-11-19T17:05:24.291] [INFO] product - Got Product
[2018-11-19T17:05:24.295] [INFO] product -  Product Inserted Successfully
[2018-11-19T17:08:21.056] [INFO] product - Get all Products
[2018-11-19T17:08:21.890] [INFO] product - Get all Products
[2018-11-19T17:08:21.901] [INFO] product - Get all Products
[2018-11-19T17:08:22.843] [INFO] product - Got Product
[2018-11-19T17:08:22.848] [INFO] product -  Product Inserted Successfully
[2018-11-19T17:09:42.832] [INFO] product - Get all Products
[2018-11-19T17:09:43.762] [INFO] product - Get all Products
[2018-11-19T17:09:43.770] [INFO] product - Get all Products
[2018-11-19T17:09:44.699] [INFO] product -  Product Inserted Successfully
[2018-11-19T17:09:44.708] [INFO] product - Got Product
[2018-11-19T17:14:35.339] [INFO] product - Get all Products
[2018-11-19T17:14:36.310] [INFO] product - Get all Products
[2018-11-19T17:14:36.332] [INFO] product - Get all Products
[2018-11-19T17:14:37.358] [INFO] product - Got Product
[2018-11-19T17:14:37.368] [INFO] product -  Product Inserted Successfully
[2018-11-19T17:16:16.316] [INFO] product - Get all Products
[2018-11-19T17:16:17.213] [INFO] product - Get all Products
[2018-11-19T17:16:17.226] [INFO] product - Get all Products
[2018-11-19T17:16:18.200] [INFO] product -  Product Inserted Successfully
[2018-11-19T17:16:18.207] [INFO] product - Got Product
[2018-11-19T17:22:01.528] [INFO] product - Get all Products
[2018-11-19T17:22:02.418] [INFO] product - Get all Products
[2018-11-19T17:22:02.430] [INFO] product - Get all Products
[2018-11-19T17:22:03.386] [INFO] product -  Product Inserted Successfully
[2018-11-19T17:22:03.390] [INFO] product - Got Product
[2018-11-19T17:29:29.581] [INFO] product - Get all Products
[2018-11-19T17:29:30.510] [INFO] product - Get all Products
[2018-11-19T17:29:30.521] [INFO] product - Get all Products
[2018-11-19T17:29:31.457] [INFO] product -  Product Inserted Successfully
[2018-11-19T17:29:31.460] [INFO] product - Got Product
[2018-11-19T17:30:11.977] [INFO] product - Get all Products
[2018-11-19T20:40:28.593] [INFO] product - Get all Products
[2018-11-19T20:40:45.375] [INFO] product - Got Product
[2018-11-19T20:47:24.935] [INFO] product - Get all Products
[2018-11-19T20:47:26.458] [INFO] product -  Product Inserted Successfully
[2018-11-19T20:47:26.473] [INFO] product - Got Product
[2018-11-19T20:52:15.950] [INFO] product - Get all Products
[2018-11-19T20:52:17.135] [INFO] product - Got Product
[2018-11-19T20:52:42.317] [INFO] product - Get all Products
[2018-11-19T20:52:43.634] [INFO] product -  Product Inserted Successfully
[2018-11-19T20:53:37.383] [INFO] product - Get all Products
[2018-11-19T20:53:39.073] [INFO] product - Got Product
[2018-11-19T20:55:14.651] [INFO] product - Get all Products
[2018-11-19T20:55:16.088] [INFO] product -  Product Inserted Successfully
[2018-11-19T20:57:34.009] [INFO] product - Get all Products
[2018-11-19T20:57:35.647] [INFO] product -  Product Inserted Successfully
[2018-11-19T20:58:36.804] [INFO] product - Get all Products
[2018-11-19T20:58:38.370] [INFO] product - Got Product
[2018-11-19T21:01:58.592] [INFO] product - Get all Products
[2018-11-19T21:01:59.894] [INFO] product - Got Product
[2018-11-19T21:02:38.001] [INFO] product - Get all Products
[2018-11-19T21:02:39.289] [INFO] product - Got Product
[2018-11-19T21:16:13.041] [INFO] product - Get all Products
[2018-11-19T21:16:14.846] [INFO] product -  Product Inserted Successfully
[2018-11-19T21:16:14.950] [INFO] product - Got Product
[2018-11-19T21:22:33.787] [INFO] product - Get all Products
[2018-11-19T21:22:35.029] [INFO] product -  Product Inserted Successfully
[2018-11-19T21:22:35.103] [INFO] product - Got Product
[2018-11-19T21:24:37.031] [INFO] product - Get all Products
[2018-11-19T21:24:38.318] [INFO] product - Got Product
[2018-11-19T21:25:24.714] [INFO] product - Get all Products
[2018-11-19T21:25:26.145] [INFO] product - Got Product
[2018-11-19T21:27:02.404] [INFO] product - Get all Products
[2018-11-19T21:27:03.603] [INFO] product - Got Product
[2018-11-19T21:27:54.726] [INFO] product - Get all Products
[2018-11-19T21:27:55.795] [INFO] product - Got Product
[2018-11-19T21:29:51.968] [INFO] product - Get all Products
[2018-11-19T21:29:53.368] [INFO] product - Got Product
[2018-11-19T21:30:54.229] [INFO] product - Get all Products
[2018-11-19T21:30:55.709] [INFO] product -  Product Inserted Successfully
[2018-11-19T21:30:55.763] [INFO] product - Got Product
[2018-11-19T21:32:00.926] [INFO] product - Get all Products
[2018-11-19T21:32:02.304] [INFO] product -  Product Inserted Successfully
[2018-11-19T21:32:02.350] [INFO] product - Got Product
[2018-11-19T21:32:56.136] [INFO] product - Get all Products
[2018-11-19T21:32:57.534] [INFO] product - Got Product
[2018-11-19T21:33:50.641] [INFO] product - Get all Products
[2018-11-19T21:33:52.118] [INFO] product - Got Product
[2018-11-19T21:38:13.009] [INFO] product - Get all Products
[2018-11-19T21:38:14.537] [INFO] product - Product updated Successfully
[2018-11-19T21:38:14.544] [INFO] product - Got Product
[2018-11-19T21:38:39.317] [INFO] product - Get all Products
[2018-11-19T21:38:40.963] [INFO] product - Product updated Successfully
[2018-11-19T21:38:40.970] [INFO] product - Got Product
[2018-11-19T21:40:04.890] [INFO] product - Get all Products
[2018-11-19T21:40:06.405] [INFO] product - Got Product
[2018-11-19T21:40:38.119] [INFO] product - Get all Products
[2018-11-19T21:40:39.533] [INFO] product - Product updated Successfully
[2018-11-19T21:40:39.568] [INFO] product - Got Product
[2018-11-19T21:43:42.487] [INFO] product - Get all Products
[2018-11-19T21:43:44.005] [INFO] product - Got Product
[2018-11-19T21:44:40.584] [INFO] product - Get all Products
[2018-11-19T21:44:41.986] [INFO] product - Product updated Successfully
[2018-11-19T21:58:52.113] [INFO] product - Get all Products
[2018-11-19T22:00:40.841] [INFO] product - Get all Products
[2018-11-19T22:00:41.156] [INFO] product - Got Product
[2018-11-19T22:01:11.094] [INFO] product - Get all Products
[2018-11-19T22:02:09.578] [INFO] product - Get all Products
[2018-11-19T22:02:09.669] [INFO] product - Got Product
[2018-11-19T22:02:09.673] [INFO] product -  Product Inserted Successfully
[2018-11-19T22:04:49.433] [INFO] product - Get all Products
[2018-11-19T22:04:49.512] [INFO] product -  Product Inserted Successfully
[2018-11-19T22:05:59.747] [INFO] product - Get all Products
[2018-11-19T22:06:48.565] [INFO] product - Get all Products
[2018-11-19T22:08:15.330] [INFO] product - Get all Products
[2018-11-19T22:08:15.370] [INFO] product - Product is deleted Successfully
[2018-11-19T22:09:01.726] [INFO] product - Get all Products
[2018-11-19T22:09:01.762] [INFO] product - Product is deleted Successfully
[2018-11-19T22:10:05.298] [INFO] product - Get all Products
[2018-11-19T22:10:05.372] [INFO] product -  Product Inserted Successfully
[2018-11-19T22:10:48.337] [INFO] product - Get all Products
[2018-11-19T22:10:48.462] [INFO] product - Product updated Successfully
[2018-11-19T22:12:19.525] [INFO] product - Get all Products
[2018-11-19T22:12:19.598] [INFO] product - Product updated Successfully
[2018-11-19T22:17:03.112] [INFO] product - Get all Products
[2018-11-19T22:17:03.181] [INFO] product - Product updated Successfully
[2018-11-19T22:17:43.536] [INFO] product - Get all Products
[2018-11-19T22:17:43.609] [INFO] product - Product updated Successfully
[2018-11-19T22:18:51.447] [INFO] product - Get all Products
[2018-11-19T22:18:51.519] [INFO] product - Product updated Successfully
[2018-11-19T22:18:51.521] [INFO] product - Product is deleted Successfully
[2018-11-19T22:19:14.670] [INFO] product - Get all Products
[2018-11-19T22:19:14.741] [INFO] product - Product updated Successfully
[2018-11-19T22:19:14.744] [INFO] product - Product is deleted Successfully
[2018-11-19T22:27:55.326] [INFO] product - Get all Products
[2018-11-19T22:27:55.395] [INFO] product -  Product Inserted Successfully
[2018-11-19T22:28:54.647] [INFO] product - Get all Products
[2018-11-19T22:31:43.580] [INFO] product - Get all Products
[2018-11-19T22:31:43.739] [INFO] product - Product updated Successfully
[2018-11-19T22:40:12.088] [INFO] product - Get all Products
[2018-11-19T22:40:12.116] [INFO] product - Product is deleted Successfully
[2018-11-19T22:40:12.118] [INFO] product - Product updated Successfully
[2018-11-19T22:41:40.735] [INFO] product - Get all Products
[2018-11-20T12:42:39.831] [INFO] product - Get all Products
[2018-11-20T12:45:52.369] [INFO] product - Get all Products
[2018-11-20T12:51:16.065] [INFO] product - Get all Products
[2018-11-20T13:06:22.350] [INFO] product - Get all Products
[2018-11-20T13:07:20.156] [INFO] product - Get all Products
[2018-11-20T13:13:44.969] [INFO] product - Get all Products
[2018-11-20T13:21:06.056] [INFO] product - Get all Products
[2018-11-20T13:27:51.174] [INFO] product - Get all Products
[2018-11-20T13:29:00.753] [INFO] product - Get all Products
[2018-11-20T13:31:08.109] [INFO] product - Get all Products
[2018-11-20T13:32:09.006] [INFO] product - Get all Products
[2018-11-20T13:33:20.813] [INFO] product - Get all Products
[2018-11-20T13:33:20.847] [INFO] product - Get all Products
[2018-11-20T13:34:20.732] [INFO] product - Get all Products
[2018-11-20T13:34:20.778] [INFO] product - Get all Products
[2018-11-20T13:35:16.130] [INFO] product - Get all Products
[2018-11-20T13:35:16.164] [INFO] product - Get all Products
[2018-11-20T13:36:15.175] [INFO] product - Get all Products
[2018-11-20T13:36:15.207] [INFO] product - Get all Products
[2018-11-20T13:36:44.047] [INFO] product - Get all Products
[2018-11-20T13:36:44.080] [INFO] product - Get all Products
[2018-11-21T10:35:19.771] [INFO] product - Get all Products
[2018-11-21T10:36:22.963] [INFO] product - Get all Products
[2018-11-21T10:36:22.990] [INFO] product - Got Product
[2018-11-21T10:43:54.652] [INFO] product - Get all Products
[2018-11-21T10:43:54.696] [INFO] product - Got Product
[2018-11-21T10:45:52.312] [INFO] product - Get all Products
[2018-11-21T10:45:52.353] [INFO] product - Got Product
[2018-11-21T10:49:02.738] [INFO] product - Get all Products
[2018-11-21T10:49:02.779] [INFO] product - Got Product
[2018-11-21T10:49:23.806] [INFO] product - Get all Products
[2018-11-21T10:49:23.850] [INFO] product - Got Product
[2018-11-21T10:54:31.116] [INFO] product - Get all Products
[2018-11-21T10:54:31.155] [INFO] product - Got Product
[2018-11-21T10:55:54.011] [INFO] product - Get all Products
[2018-11-21T10:55:54.051] [INFO] product - Got Product
[2018-11-21T10:58:11.484] [INFO] product - Get all Products
[2018-11-21T10:58:11.526] [INFO] product - Got Product
[2018-11-21T10:58:48.296] [INFO] product - Get all Products
[2018-11-21T10:58:48.333] [INFO] product - Got Product
[2018-11-21T11:07:04.117] [INFO] product - Get all Products
[2018-11-21T11:07:04.162] [INFO] product - Got Product
[2018-11-21T11:38:12.444] [INFO] product - Get all Products
[2018-11-21T11:38:12.717] [INFO] product -  Product Inserted Successfully
[2018-11-21T11:38:12.743] [INFO] product - Got Product
[2018-11-21T11:42:25.439] [INFO] product - Get all Products
[2018-11-21T11:42:25.532] [INFO] product -  Product Inserted Successfully
[2018-11-21T11:45:32.738] [INFO] product - Get all Products
[2018-11-21T11:45:32.828] [INFO] product -  Product Inserted Successfully
[2018-11-21T11:47:44.212] [INFO] product - Get all Products
[2018-11-21T11:47:44.292] [INFO] product -  Product Inserted Successfully
[2018-11-21T11:47:44.310] [INFO] product - Got Product
[2018-11-21T19:07:03.197] [INFO] product - Get all Products
[2018-11-21T19:08:16.890] [INFO] product - Get all Products
[2018-11-21T19:12:14.768] [INFO] product - Get all Products
[2018-11-21T19:12:14.848] [INFO] product -  Product Inserted Successfully
[2018-11-21T19:12:14.870] [INFO] product - Got Product
[2018-11-21T19:12:46.353] [INFO] product - Get all Products
[2018-11-21T19:12:46.443] [INFO] product -  Product Inserted Successfully
[2018-11-21T19:12:46.460] [INFO] product - Got Product
[2018-11-21T19:14:18.782] [INFO] product - Get all Products
[2018-11-21T19:14:18.845] [INFO] product -  Product Inserted Successfully
[2018-11-21T19:14:18.858] [INFO] product - Got Product
[2018-11-21T19:15:12.250] [INFO] product - Get all Products
[2018-11-21T19:15:12.334] [INFO] product -  Product Inserted Successfully
[2018-11-21T19:15:12.350] [INFO] product - Got Product
[2018-11-21T19:15:48.046] [INFO] product - Get all Products
[2018-11-21T19:15:48.130] [INFO] product -  Product Inserted Successfully
[2018-11-21T19:15:48.145] [INFO] product - Got Product
[2018-11-21T19:18:04.504] [INFO] product - Get all Products
[2018-11-21T19:18:04.580] [INFO] product -  Product Inserted Successfully
[2018-11-21T19:18:04.593] [INFO] product - Got Product
[2018-11-21T19:27:16.206] [INFO] product - Get all Products
[2018-11-21T19:27:16.271] [INFO] product -  Product Inserted Successfully
[2018-11-21T19:27:16.283] [INFO] product - Got Product
[2018-11-21T19:27:58.856] [INFO] product - Get all Products
[2018-11-21T19:27:58.931] [INFO] product -  Product Inserted Successfully
[2018-11-21T19:27:58.947] [INFO] product - Got Product
[2018-11-21T19:28:55.140] [INFO] product - Get all Products
[2018-11-21T19:28:55.212] [INFO] product -  Product Inserted Successfully
[2018-11-21T19:28:55.229] [INFO] product - Got Product
[2018-11-21T19:29:14.404] [INFO] product - Get all Products
[2018-11-21T19:29:14.469] [INFO] product -  Product Inserted Successfully
[2018-11-21T19:29:14.485] [INFO] product - Got Product
[2018-11-21T19:30:14.814] [INFO] product - Get all Products
[2018-11-21T19:30:14.899] [INFO] product -  Product Inserted Successfully
[2018-11-21T19:30:14.912] [INFO] product - Got Product
[2018-11-21T19:30:54.074] [INFO] product - Get all Products
[2018-11-21T19:30:54.144] [INFO] product -  Product Inserted Successfully
[2018-11-21T19:30:54.158] [INFO] product - Got Product
[2018-11-21T19:33:27.873] [INFO] product - Get all Products
[2018-11-21T19:33:27.937] [INFO] product -  Product Inserted Successfully
[2018-11-21T19:33:27.952] [INFO] product - Got Product
[2018-11-21T19:36:21.112] [INFO] product - Get all Products
[2018-11-21T19:36:21.178] [INFO] product -  Product Inserted Successfully
[2018-11-21T19:36:21.197] [INFO] product - Got Product
[2018-11-21T19:36:21.376] [INFO] product - Product updated Successfully
[2018-11-21T19:36:50.445] [INFO] product - Get all Products
[2018-11-21T19:36:50.528] [INFO] product -  Product Inserted Successfully
[2018-11-21T19:36:50.541] [INFO] product - Got Product
[2018-11-21T19:36:50.570] [INFO] product - Product updated Successfully
[2018-11-21T19:38:01.240] [INFO] product - Get all Products
[2018-11-21T19:38:01.318] [INFO] product -  Product Inserted Successfully
[2018-11-21T19:38:01.333] [INFO] product - Got Product
[2018-11-21T19:38:01.366] [INFO] product - Product updated Successfully
[2018-11-21T19:38:01.373] [INFO] product - Product is deleted Successfully
[2018-11-21T19:43:31.555] [INFO] product - Get all Products
[2018-11-21T19:43:31.621] [INFO] product -  Product Inserted Successfully
[2018-11-21T19:43:31.634] [INFO] product - Got Product
[2018-11-21T19:43:31.665] [INFO] product - Product updated Successfully
[2018-11-21T19:43:31.671] [INFO] product - Product is deleted Successfully
[2018-11-21T19:45:36.073] [INFO] product - Get all Products
[2018-11-21T19:45:36.161] [INFO] product -  Product Inserted Successfully
[2018-11-21T19:45:36.179] [INFO] product - Got Product
[2018-11-21T19:45:36.212] [INFO] product - Product updated Successfully
[2018-11-21T19:45:36.220] [INFO] product - Product is deleted Successfully
[2018-11-21T19:47:06.792] [INFO] product - Get all Products
[2018-11-21T19:47:06.878] [INFO] product -  Product Inserted Successfully
[2018-11-21T19:47:06.891] [INFO] product - Got Product
[2018-11-21T19:47:06.922] [INFO] product - Product updated Successfully
[2018-11-21T19:47:06.931] [INFO] product - Product is deleted Successfully
