[2018-11-16T20:12:21.039] [INFO] user - User Login Successful
[2018-11-16T20:12:38.997] [ERROR] user - Required fields are missing For Login
[2018-11-16T20:13:16.556] [INFO] user - User Password Mismatched
[2018-11-16T20:14:44.012] [WARN] user - User Password Mismatched
[2018-11-16T20:15:07.747] [WARN] user - Emial not found Please Signup!!
[2018-11-16T20:15:24.594] [ERROR] user - Required fields are missing For Login
[2018-11-16T20:17:38.464] [ERROR] user - Required fields are missing For Login
[2018-11-16T20:22:20.346] [INFO] user - User Login Successful
[2018-11-16T22:49:39.379] [ERROR] user - Failed to Authenticate token not found!
[2018-11-16T22:54:37.285] [ERROR] user - Failed to Authenticate token not found!
[2018-11-16T22:56:08.605] [INFO] user - User Login Successful
[2018-11-16T22:56:35.573] [ERROR] user - Failed to Authenticate token not found!
[2018-11-17T00:04:54.348] [ERROR] user - Failed to Authenticate token not found!
[2018-11-17T00:07:46.662] [WARN] user - User Password Mismatched
[2018-11-17T00:07:55.897] [WARN] user - User Password Mismatched
[2018-11-17T00:08:04.937] [INFO] user - User Login Successful
[2018-11-17T00:08:31.999] [ERROR] user - Failed to Authenticate token not found!
[2018-11-17T00:10:30.483] [ERROR] user - Failed to Authenticate token not found!
[2018-11-17T00:18:01.970] [ERROR] user - Failed to Authenticate token not found!
[2018-11-17T00:18:41.764] [INFO] user - User Login Successful
[2018-11-17T00:19:08.127] [ERROR] user - Failed to Authenticate token not found!
[2018-11-17T00:19:48.013] [ERROR] user - Failed to Authenticate token not found!
[2018-11-17T00:20:46.479] [ERROR] user - Failed to Authenticate token not found!
[2018-11-17T00:21:41.697] [ERROR] user - Failed to Authenticate token not found!
[2018-11-17T00:22:42.987] [ERROR] user - Failed to Authenticate token not found!
[2018-11-17T00:36:43.220] [ERROR] user - Failed to Authenticate token not found!
[2018-11-17T14:56:08.513] [ERROR] user - Failed to Authenticate token not found!
[2018-11-17T14:56:59.856] [INFO] user - Email not found Please Signup!!
[2018-11-18T15:06:39.654] [ERROR] user - Failed to Authenticate token not found!
[2018-11-19T10:20:03.058] [ERROR] user - Failed to Authenticate token not found!
[2018-11-19T10:24:05.459] [ERROR] user - Failed to Authenticate token not found!
[2018-11-19T10:26:28.485] [ERROR] user - Failed to Authenticate token not found!
[2018-11-19T10:30:52.692] [ERROR] user - Failed to Authenticate token not found!
[2018-11-19T10:30:55.346] [ERROR] user - Failed to Authenticate token not found!
[2018-11-19T10:31:05.886] [ERROR] user - Failed to Authenticate token not found!
[2018-11-19T10:31:06.123] [ERROR] user - Failed to Authenticate token not found!
[2018-11-19T10:31:07.343] [ERROR] user - Failed to Authenticate token not found!
[2018-11-19T10:31:34.527] [ERROR] user - Failed to Authenticate, Token Invalid !
